18:.\behavior\ClassicBank.lua
0 1 1 0 1 0 2 1 0 5 1 0 0 1 9 1 0 1 
33:.\behavior\ClassicBehavior.lua
0 0 1 0 2 0 0 1 0 0 1 22 22 22 1 0 1 0 1 0 1 0 1 0 1 7 1 0 1 0 1 0 1 
35:.\behavior\ClassicPlayer.lua
0 1 1 0 1 0 2 1 0 17 1 0 0 1 48 1 0 1 16 1 0 1 0 8 0 8 7 6 5 0 0 8 1 0 1 
48:.\entity\Bank.lua
0 1 1 0 1 0 2 1 0 5 0 5 0 5 1 0 0 1 0 18 12 0 0 9 0 3 0 0 0 6 7 0 1 6 7 0 1 8 8 8 8 9 0 1 26 1 0 1 
76:.\entity\Calculator.lua
0 1 0 1 0 1 0 0 69 0 234 165 0 0 69 0 234 165 0 20 0 0 0 80 11 11 0 0 69 0 4 0 0 0 16 16 0 16 6 3 3 0 0 0 13 3 3 3 0 0 0 10 8 3 2 0 0 5 5 0 5 4 2 0 0 0 0 4 0 4 4 4 4 1 0 1 
20:.\entity\Card.lua
0 1 0 2 0 1091 1 0 0 1 1091 1091 1091 1091 1091 1091 1091 1 0 1 
67:.\entity\Dealer.lua
0 0 1 1 1 0 1 0 2 0 4 1 0 0 1 0 4 4 4 4 4 4 4 4 1 0 1 0 5 0 5 0 22 85 952 884 0 0 0 0 5 0 1 0 1 1 2 0 1 0 28 1 0 0 28 0 1 0 1 4 836 832 832 0 5 0 1 
18:.\entity\Deck.lua
0 1 0 2 0 78 1 0 0 1 78 78 78 78 78 1 0 1 
33:.\entity\Participant.lua
0 1 0 2 0 0 1 0 0 1 22 22 22 22 22 22 22 22 1 0 1 10 11 0 1 5 6 0 1 43 1 0 1 
162:.\entity\Player.lua
0 1 1 1 1 0 1 0 2 0 17 17 17 17 0 17 1 1 0 0 0 1 17 68 51 0 17 1 0 1 0 28 21 21 0 7 7 8 0 1 0 32 0 24 0 10 0 10 0 29 0 19 0 19 14 7 5 3 1 1 2 2 2 0 0 0 0 0 9 0 1 16 15 15 0 0 17 0 1 8 0 5 0 5 0 5 11 11 5 0 0 0 0 5 5 5 0 5 0 9 0 1 43 29 0 44 0 1 7 0 7 0 7 0 6 6 0 1 0 1 1 0 0 7 0 8 0 1 19 0 19 0 43 0 24 0 24 0 20 0 19 19 19 0 19 0 0 0 19 20 0 1 19 19 20 0 1 88 1 0 0 1 
230:.\entity\Table.lua
0 1 1 1 1 1 1 1 1 1 1 0 0 1 0 2 0 3 1 0 0 1 3 3 0 3 3 3 3 3 3 3 3 3 0 0 3 1 0 1 3 0 17 14 8 3 0 0 0 0 3 4 0 1 5 0 5 0 8 3 3 0 0 5 0 5 5 0 5 5 13 0 8 8 4 4 4 1 1 0 3 3 0 6 0 1 0 0 3 0 3 3 6 0 3 3 1 1 2 2 2 0 0 0 0 0 4 0 1 0 6 0 0 0 0 6 6 0 0 0 6 0 6 6 0 6 0 6 0 0 5 0 5 0 6 0 1 0 5 0 0 10 0 5 0 5 5 0 5 1 1 1 1 4 1 1 1 1 3 1 1 1 2 1 1 1 1 1 1 1 1 1 0 0 0 5 4 0 1 0 0 5 0 0 0 5 0 5 5 0 5 5 10 0 5 5 2 2 2 2 3 3 3 0 0 0 0 0 0 6 0 0 0 1 12 13 0 1 1 2 0 1 0 1 0 1 0 1 0 1 
53:.\gfx\CardMaker.lua
0 1 0 1 0 0 0 57 0 57 57 8 0 49 0 49 48 47 1 0 0 49 0 49 49 49 42 37 36 34 26 26 25 16 8 4 0 0 49 0 0 57 0 57 3 0 3 3 3 0 1 0 1 
28:.\gfx\ClassicBankView.lua
0 1 0 1 0 2 0 3 1 0 0 1 3 3 3 3 1 0 1 0 38 26 0 12 0 13 0 1 
43:.\gfx\ClassicPlayerView.lua
0 1 0 1 0 2 0 3 1 0 0 1 3 3 3 3 1 0 1 0 24 0 12 0 12 0 12 12 0 0 38 26 0 0 12 0 0 12 12 0 13 0 1 
31:.\gfx\ClassicTableView.lua
0 1 1 0 1 0 2 0 3 1 0 0 1 0 3 3 3 3 0 3 1 0 1 0 0 12 12 0 13 0 1 
36:.\input\ConsoleInputHandler.lua
0 1 1 0 1 0 1 0 0 37 4 0 0 44 44 0 44 41 38 30 24 16 5 0 0 44 0 4 0 4 4 4 4 1 0 1 
67:.\test\bankTest.lua
0 0 1 1 1 1 0 0 1 1 0 1 5 1 0 0 1 0 1 0 1 0 1 1 1 1 0 1 0 1 0 1 0 1 0 1 0 1 1 0 2 0 0 1 0 1 0 1 0 1 1 1 1 0 1 0 1 0 1 1 0 1 1 0 1 0 3 
281:.\test\calculatorTest.lua
0 0 1 1 1 1 1 0 0 1 0 1 1 1 0 1 1 1 0 0 1 1 1 0 0 1 1 1 1 1 0 0 1 1 1 1 0 2 0 0 1 0 1 1 1 0 0 1 1 1 0 0 1 1 0 2 0 0 1 0 1 1 1 0 0 1 1 1 1 0 0 1 1 1 1 1 0 0 1 1 1 0 2 0 0 1 0 1 1 1 0 0 1 1 1 1 1 0 0 1 1 1 1 1 0 0 1 1 1 0 2 0 0 1 0 2 1 1 1 0 2 1 1 1 0 1 0 2 1 1 2 0 2 1 1 2 0 1 0 2 0 0 1 0 2 1 1 1 0 2 1 1 1 0 1 0 2 1 1 2 0 2 1 1 2 0 1 0 2 0 0 1 0 2 1 1 1 1 0 2 1 1 1 0 1 0 2 1 1 1 2 0 2 1 1 1 1 0 2 0 1 0 2 0 0 1 0 0 2 1 1 1 0 2 1 1 1 0 1 0 2 1 1 2 0 2 1 1 2 0 1 0 2 1 1 1 2 0 2 1 1 1 1 0 2 0 1 0 2 0 0 1 0 2 1 1 1 0 2 1 1 1 0 1 0 2 1 1 1 2 0 2 1 1 1 0 2 0 1 0 3 
32:.\test\cardMakerTest.lua
0 1 1 0 1 0 2 1 0 1 0 2 1 0 1 0 2 1 0 1 0 2 1 0 1 0 2 1 0 1 0 3 
42:.\test\consoleInputHandlerTest.lua
0 1 1 0 1 1 0 0 1 0 1 1 0 1 0 1 0 1 0 1 0 1 0 2 0 0 1 0 1 1 0 1 1 1 1 1 1 1 1 1 0 3 
39:.\test\dealerTest.lua
0 0 1 0 1 1 0 0 1 1 2 0 1 0 1 0 1 0 1 0 1 0 1 0 26 25 0 0 1 0 1 0 1 0 1 0 1 0 3 
3075:.\test\luaunit.lua
0 0 0 0 0 0 0 0 0 0 1 1 0 0 1 0 1 1 0 0 1 0 0 0 0 1 1 1 1 1 1 0 0 0 0 0 0 0 0 0 0 0 0 0 1 1 0 0 0 0 0 1 0 1 1 1 1 1 1 1 0 0 0 0 0 1 0 1 1 0 0 0 0 0 0 0 0 0 0 0 0 0 0 0 0 0 0 0 0 0 0 0 0 1 0 1 0 0 0 0 0 0 0 0 0 1 1 1 0 0 0 0 0 0 1 1 0 1 1 0 1 1 1 1 0 0 0 0 0 0 0 0 0 0 0 1 0 0 0 0 0 0 0 0 0 0 0 1 1 0 0 0 0 0 0 0 0 0 0 0 0 0 0 0 0 0 0 0 0 0 0 0 0 0 0 0 0 0 0 0 0 0 0 0 0 0 0 0 0 0 0 0 0 0 0 0 0 0 0 1 0 0 0 0 0 0 0 1 1 0 0 1 0 0 0 0 0 0 0 0 0 1 1 0 0 0 0 0 0 0 0 0 0 0 0 0 0 0 0 0 0 0 0 0 0 0 0 1 1 0 0 0 0 1 1 0 0 0 0 1 1 0 0 0 0 0 0 0 0 0 0 0 1 1 0 0 0 0 0 0 0 0 0 32 0 32 0 0 0 0 0 0 0 0 0 0 0 0 0 0 0 0 0 0 0 32 0 0 32 1 1 0 0 0 0 0 0 0 0 0 0 0 0 0 0 0 0 0 1 1 0 0 0 0 1 1 0 0 0 0 0 0 0 0 0 0 0 0 0 0 0 0 0 0 0 0 0 0 0 0 0 0 0 0 0 0 0 0 0 0 0 0 0 0 0 0 0 0 0 0 0 0 0 0 0 0 0 0 0 0 0 0 0 0 0 0 0 0 0 0 0 0 0 0 0 0 0 0 0 0 0 0 0 0 0 0 0 0 0 0 0 0 0 1 1 0 0 0 0 0 0 0 0 0 0 0 0 0 0 0 0 0 0 0 0 0 0 0 0 0 0 0 0 0 0 0 0 0 0 0 0 0 0 0 1 0 0 0 0 0 0 0 0 0 0 0 0 0 0 0 0 0 1 1 0 1 0 0 0 0 0 0 0 0 0 0 0 0 0 0 0 0 0 0 0 0 0 0 0 0 0 0 0 0 0 0 0 0 0 0 0 0 0 0 0 0 0 0 0 0 0 0 0 0 0 0 0 0 1 0 0 0 0 0 0 0 0 0 0 0 0 0 0 0 0 0 0 0 0 0 0 0 0 0 0 0 0 0 0 0 0 0 0 0 0 0 0 0 0 0 0 0 0 0 0 0 0 0 0 0 0 0 0 0 0 0 0 0 0 0 1 1 0 0 0 0 0 0 1 0 0 0 1 0 0 0 0 0 0 0 0 0 0 0 0 0 0 0 0 0 0 0 0 0 0 0 0 0 0 0 0 0 0 0 0 0 0 0 0 0 0 0 0 0 0 0 0 0 0 0 0 0 0 0 0 0 0 0 0 0 0 0 0 0 0 0 0 0 0 0 0 0 0 0 0 0 0 0 0 0 0 0 0 0 0 0 0 0 0 0 0 0 0 0 0 0 0 0 0 0 0 0 0 0 0 0 0 0 0 0 0 0 0 0 0 0 0 0 0 1 1 0 0 0 0 0 0 0 0 0 0 0 0 0 0 0 0 0 0 0 0 0 0 0 0 0 0 0 0 0 0 0 0 0 0 0 0 0 0 0 0 0 0 0 0 0 0 0 0 0 0 0 0 0 0 0 0 0 0 0 0 0 0 0 0 0 0 0 0 0 0 0 0 0 0 0 0 0 0 0 0 0 0 0 0 0 0 0 0 0 0 0 0 0 0 0 0 0 0 0 0 0 0 0 0 0 0 0 1 1 0 0 0 0 0 0 0 0 0 0 0 0 0 0 0 0 0 0 0 0 0 1 1 0 0 0 0 0 0 0 0 0 1 1 0 1 1 0 0 0 0 0 0 0 0 0 0 0 0 0 0 0 0 0 0 0 0 0 0 0 0 0 0 0 0 0 0 0 0 0 0 0 0 0 0 0 0 0 0 0 0 0 0 0 0 0 0 0 0 0 0 0 0 0 0 0 0 0 0 0 1 1 0 0 0 0 0 1 1 0 0 0 0 0 0 0 0 0 0 0 0 0 0 0 0 0 0 0 0 0 0 0 0 0 0 0 0 0 0 0 0 0 0 0 0 0 0 0 0 0 0 0 0 0 0 0 1 1 0 0 0 0 0 0 0 0 0 0 0 0 0 0 0 0 0 0 0 0 0 1 0 0 0 0 0 0 0 0 0 0 0 0 0 0 0 0 0 0 0 0 0 0 0 0 0 1 0 0 0 0 0 0 0 0 0 1 1 0 0 0 0 1 0 0 0 0 0 0 0 0 0 0 0 0 0 0 0 0 0 0 0 1 1 0 0 0 0 0 0 0 0 0 0 0 0 0 0 0 0 0 0 0 0 0 0 0 0 0 0 0 0 0 0 0 0 0 0 0 0 0 0 0 0 0 0 0 0 0 0 0 0 0 0 0 0 0 0 0 0 0 0 0 0 0 0 0 0 0 0 0 0 0 0 0 0 0 0 0 0 0 0 0 0 0 0 0 0 0 0 0 0 0 0 0 0 1 1 1 0 0 0 0 0 0 0 0 0 0 0 0 1 0 0 0 0 1 1 0 0 0 0 1 0 0 0 0 0 0 0 0 0 0 0 0 0 0 0 0 0 0 0 0 0 0 0 0 0 0 1 0 1 0 0 0 0 0 1 0 1 0 0 1 0 1 0 0 0 0 1 0 1 0 0 1 0 1 0 0 0 0 1 0 0 0 0 0 0 1 116 0 0 0 116 0 116 0 0 117 0 1 0 0 0 0 0 0 0 0 1 0 1 0 0 0 0 0 0 0 0 0 0 0 1 0 1 2 0 0 0 2 0 0 0 2 2 0 0 1 0 1 0 0 0 0 0 0 0 0 0 0 0 1 0 1 0 0 0 0 0 0 0 0 1 0 0 0 0 0 1 0 0 0 0 0 0 0 1 0 1 0 0 0 0 0 0 0 1 0 1 0 0 0 0 0 0 0 1 0 1 0 0 0 0 0 0 0 1 0 1 0 0 0 0 0 0 1 0 0 0 0 0 0 0 0 0 0 0 0 0 0 0 0 0 0 0 0 0 0 0 0 0 0 0 0 0 0 0 0 0 0 0 0 0 0 0 1 0 1 0 0 0 1 0 1 0 1 0 1 0 0 0 0 0 0 0 0 0 0 0 0 0 0 1 0 1 0 0 0 0 0 0 0 0 0 0 0 0 0 0 1 0 0 0 0 0 1 0 0 0 1 0 1 0 0 0 1 0 1 1 0 0 2 0 1 0 0 0 1 0 1 1 0 0 2 0 1 0 0 0 1 0 1 0 0 0 1 0 1 0 0 0 1 0 0 0 0 0 0 0 0 10 1 1 1 7 0 7 7 0 0 0 0 0 0 0 0 0 0 0 7 0 0 0 0 0 0 11 1 1 1 8 0 0 8 8 8 0 0 0 0 0 0 0 0 0 10 1 1 1 7 0 7 7 0 0 0 0 0 0 7 0 0 1 0 0 0 0 0 0 0 0 1 0 1 0 0 0 0 0 0 0 1 0 0 0 0 0 0 0 1 0 0 0 1 0 1 0 0 0 1 0 1 0 0 0 1 0 1 0 0 0 1 0 1 0 0 0 1 0 1 0 0 0 1 0 1 0 0 0 1 0 1 0 0 0 1 0 1 0 0 0 0 0 0 0 0 0 0 0 1 0 1 0 0 0 0 0 0 0 0 0 0 0 1 0 1 0 0 0 1 0 1 0 0 0 1 0 0 0 0 0 0 1 0 0 0 0 0 0 0 0 1 0 1 0 0 0 1 1 1 1 1 1 1 1 1 1 1 1 1 1 1 1 1 1 1 1 1 0 0 1 1 1 1 1 1 1 1 1 1 1 1 1 1 1 1 0 0 1 1 1 1 1 1 1 1 1 1 1 1 1 1 1 1 0 0 1 1 1 1 1 1 1 1 1 1 1 1 1 1 1 1 0 0 1 1 1 1 1 1 1 1 1 1 1 1 1 1 1 1 0 0 1 1 1 1 1 1 1 1 1 1 1 1 1 1 1 1 0 0 1 1 1 1 1 1 1 1 1 1 1 1 1 1 1 1 0 0 1 1 1 1 1 1 1 1 1 0 0 126 125 125 0 125 0 0 0 0 0 0 0 0 0 0 0 0 0 0 1 1 1 0 2 0 4 4 1 1 1 0 3 0 4 1 0 0 1 2 1 1 1 2 1 0 0 0 0 0 0 1 1 1 0 0 0 2 0 0 1 2 0 0 1 2 0 0 0 1 0 2 0 0 0 0 0 0 0 1 0 2 0 0 0 1 0 2 0 0 1 0 0 0 0 0 0 0 0 0 1 1 1 0 2 0 0 0 1 0 2 0 0 0 0 0 0 0 0 0 0 0 0 0 0 1 2 0 0 0 1 2 0 1 0 2 0 0 0 0 0 0 0 1 0 2 0 0 0 0 0 0 0 0 0 0 0 0 0 0 0 0 0 0 0 0 0 0 0 0 0 0 0 0 0 0 0 1 0 0 0 0 0 0 0 0 0 0 0 0 0 0 0 0 0 0 0 0 0 0 0 0 0 0 0 0 0 0 0 0 0 0 0 0 0 0 0 0 0 0 0 0 0 0 0 0 0 0 0 0 0 0 0 0 0 0 0 0 0 0 0 0 0 0 0 0 0 0 0 0 0 0 0 0 0 0 0 0 0 0 0 0 0 0 0 0 0 0 0 0 0 0 0 0 0 0 0 0 0 0 0 0 0 0 0 0 1 1 1 0 2 1 1 1 1 0 2 1 0 0 2 0 2 32 0 0 33 0 2 32 32 0 0 32 32 32 0 0 0 0 0 0 0 0 0 0 0 0 0 0 0 0 33 0 2 0 0 0 0 1 0 2 1 0 0 0 0 0 0 2 0 2 1 0 0 1 0 1 1 1 1 0 2 0 0 0 0 0 0 0 0 0 0 0 1 0 1 1 0 2 0 1 0 0 0 0 0 0 0 1 1 1 1 1 1 0 1 0 0 0 2 1 1 0 0 0 2 0 64 64 0 1 0 2 0 0 0 0 0 0 0 0 32 32 0 0 32 1 0 2 0 0 0 1 0 2 0 0 73 1 0 2 0 0 0 1 74 73 32 0 0 1 1 1 0 2 0 0 0 0 0 0 0 0 0 0 0 0 0 0 0 0 0 0 0 0 0 1 1 1 1 1 1 0 1 0 0 0 0 0 0 0 0 0 0 0 0 0 0 0 0 0 0 0 0 0 0 0 0 0 0 0 0 0 0 0 0 0 0 0 0 0 0 0 0 0 0 1 0 0 0 0 0 0 0 0 0 0 0 0 0 0 0 0 0 0 0 0 0 0 0 0 0 0 0 0 0 1 0 0 1 0 0 0 0 0 0 0 0 0 0 0 0 0 0 0 0 1 0 0 0 1 0 0 0 1 0 0 0 1 1 0 2 0 0 1 0 2 0 0 1 0 0 0 0 0 1 1 1 0 0 1 1 1 0 2 32 32 32 32 1 0 2 32 0 32 32 33 0 1 0 0 0 1 0 2 0 0 0 1 0 2 96 1 0 2 0 32 1 0 2 0 1 0 2 0 1 0 2 0 0 0 0 0 0 0 0 0 0 0 0 1 0 0 0 0 0 1 1 1 0 1 1 0 2 0 1 2 1 1 1 1 0 0 0 0 0 0 0 1 0 1 0 0 1 1 0 2 1 1 1 1 1 1 1 1 1 1 1 1 1 1 1 1 1 1 0 1 1 1 2 0 2 1 1 2 0 2 32 32 64 32 32 32 64 32 32 32 33 0 2 0 32 32 0 0 0 0 0 0 0 0 0 0 0 0 0 0 0 0 0 0 0 0 0 0 0 0 0 0 0 0 0 0 0 0 1 0 2 32 0 0 32 32 32 0 32 32 0 0 0 0 0 0 0 0 0 0 0 0 0 0 0 0 0 32 33 0 2 1 2 0 2 1 0 0 1 1 0 0 0 0 1 1 1 0 1 2 0 2 0 0 0 0 0 0 0 0 0 0 0 0 0 0 0 0 0 0 0 1 0 0 0 2 0 0 0 0 0 0 0 0 0 0 32 0 32 32 0 0 0 64 0 32 32 0 0 0 0 0 0 0 0 0 0 0 0 0 0 0 0 0 0 0 0 0 1 0 0 2 0 0 0 32 0 0 0 32 32 32 32 0 0 0 0 32 1 0 0 1 1 0 0 32 0 32 64 32 0 0 32 0 0 32 0 0 0 0 0 0 0 0 0 0 32 32 0 0 0 32 0 0 0 0 0 0 0 0 0 0 32 33 0 2 0 0 0 0 0 0 0 0 0 0 1 0 2 0 0 0 0 0 0 0 0 0 0 0 1 0 33 32 32 32 0 0 0 0 0 0 0 0 0 0 0 0 0 0 0 0 0 1 1 0 2 1 33 0 32 32 0 0 0 0 1 1 0 2 0 0 0 0 0 0 1 1 0 0 2 1 0 1 0 33 32 32 32 0 0 0 0 0 0 0 0 0 32 0 0 0 0 1 1 0 0 1 0 1 0 0 0 2 0 2 0 0 0 0 0 1 1 0 33 32 32 0 0 0 0 0 0 0 0 0 0 0 0 0 0 0 0 0 0 32 32 0 0 32 0 0 0 32 0 0 0 32 0 0 1 2 0 2 0 0 0 0 0 0 0 0 1 1 1 0 2 0 1 1 0 0 0 0 0 0 1 1 0 0 1 0 0 0 1 1 1 1 0 1 1 1 0 1 0 0 0 0 0 0 0 1 0 1 1 0 0 0 1 1 0 2 0 1 1 1 0 0 1 
400:.\test\playerTest.lua
0 1 1 0 1 1 1 1 1 0 1 1 0 1 44 1 0 1 0 11 11 11 11 11 11 11 0 11 0 12 0 0 1 0 1 1 1 1 0 1 1 0 1 0 1 0 1 0 1 0 2 0 0 1 0 1 1 1 1 0 1 1 0 1 0 1 1 0 1 1 0 2 0 0 1 0 1 1 1 1 0 1 1 0 1 0 1 1 0 1 1 0 2 0 0 1 0 1 1 1 1 0 1 1 0 1 0 1 0 2 0 0 1 0 1 1 1 1 0 1 1 0 1 0 1 0 2 0 1 0 3 3 3 3 3 3 3 3 0 3 0 4 0 0 1 0 1 1 1 1 0 1 1 0 1 0 1 0 2 0 0 1 0 1 1 1 1 0 1 1 0 1 1 1 0 1 0 2 0 0 1 0 1 1 1 1 0 1 1 0 1 1 1 0 1 0 1 0 2 0 0 1 0 1 1 1 1 0 1 1 0 1 0 1 1 0 1 0 0 1 1 0 1 1 2 0 0 1 0 1 1 1 1 0 0 1 1 0 0 1 1 0 1 0 1 0 1 1 0 1 0 0 1 1 0 2 0 0 1 0 1 1 1 1 0 0 1 1 0 1 1 0 1 0 1 0 1 0 1 1 0 1 0 0 1 1 0 2 0 0 1 0 1 1 1 1 0 1 1 1 1 1 1 1 0 1 1 0 1 0 1 1 0 0 1 0 1 0 1 1 0 1 0 1 0 1 1 0 1 0 1 1 0 0 0 0 0 4 0 3 3 0 2 0 0 0 0 1 0 1 0 1 0 4 0 3 3 3 0 0 0 2 0 0 1 0 1 1 1 1 0 1 0 1 1 0 3 0 2 2 0 0 0 2 0 0 1 0 1 1 0 1 0 1 1 1 1 0 0 3 
121:.\test\tableTest.lua
0 1 1 0 1 1 1 0 0 1 1 0 1 27 1 0 0 1 0 1 1 0 0 1 0 0 1 0 0 0 0 0 1 1 0 1 0 1 1 1 0 2 0 0 1 0 1 1 1 0 1 0 1 1 0 1 0 1 1 1 0 2 0 0 1 0 0 0 0 1 1 2 1 1 2 0 1 0 0 0 0 0 0 0 1 1 0 1 0 1 1 1 0 2 0 1 0 3 0 33 0 30 30 30 27 25 24 23 19 17 17 11 6 2 0 0 0 0 3 0 2 
12:.\test\testHelper.lua
1 0 1 1 1 0 0 81 81 1 0 1 
11:.\test\testPlayerObserver.lua
0 0 1 0 32 0 2 0 2 0 1 
36:.\test\unitTests.lua
0 0 1 0 0 0 0 1 0 0 0 1 0 0 0 1 0 0 0 1 0 0 0 1 0 0 0 1 0 0 0 1 0 0 0 1 
14:.\type\ActionType.lua
0 1 0 1 1 1 1 1 1 1 0 0 0 1 
18:.\type\CardType.lua
0 1 1 1 1 1 1 1 1 1 1 1 1 1 1 0 0 1 
9:.\type\ColorType.lua
0 1 1 1 1 1 0 0 1 
9:.\type\GameState.lua
0 1 1 1 1 1 0 0 1 
11:.\type\ResultType.lua
0 1 0 1 1 1 1 1 0 0 1 
5:main.lua
0 0 0 0 1 
