\BOOKMARK [0][-]{chapter.1}{Bevezet\351s}{}% 1
\BOOKMARK [1][-]{section..section.1.1}{T\351ma le\355r\341sa}{chapter.1}% 2
\BOOKMARK [1][-]{section..section.1.2}{A projekt c\351lja}{chapter.1}% 3
\BOOKMARK [1][-]{section..section.1.3}{V\341lasztott nyelvek}{chapter.1}% 4
\BOOKMARK [1][-]{section..section.1.4}{A projektek bemumtat\341sa}{chapter.1}% 5
\BOOKMARK [0][-]{chapter.2}{A Lua nyelv \351s saj\341toss\341gai}{}% 6
\BOOKMARK [1][-]{section..section.2.1}{Kicsit a Lua-r\363l}{chapter.2}% 7
\BOOKMARK [1][-]{section..section.2.2}{Adatt\355pusok \351s v\341ltoz\363k}{chapter.2}% 8
\BOOKMARK [2][-]{subsection..section.2.2.1}{V\341ltoz\363k}{section..section.2.2}% 9
\BOOKMARK [2][-]{subsection..section.2.2.2}{T\355pusok}{section..section.2.2}% 10
\BOOKMARK [2][-]{subsection..section.2.2.3}{\326sszegz\351s}{section..section.2.2}% 11
\BOOKMARK [1][-]{section..section.2.3}{Kifejez\351sek}{chapter.2}% 12
\BOOKMARK [2][-]{subsection..section.2.3.1}{Aritmetikai oper\341torok}{section..section.2.3}% 13
\BOOKMARK [2][-]{subsection..section.2.3.2}{Rel\341ci\363s oper\341torok}{section..section.2.3}% 14
\BOOKMARK [2][-]{subsection..section.2.3.3}{Logikai oper\341torok}{section..section.2.3}% 15
\BOOKMARK [1][-]{section..section.2.4}{Vez\351rlo strukt\372r\341k}{chapter.2}% 16
\BOOKMARK [2][-]{subsection..section.2.4.1}{El\341gaz\341sok}{section..section.2.4}% 17
\BOOKMARK [2][-]{subsection..section.2.4.2}{Ciklusok}{section..section.2.4}% 18
\BOOKMARK [1][-]{section..section.2.5}{\311rt\351kad\341s \351s visszat\351r\351si \351rt\351k}{chapter.2}% 19
\BOOKMARK [2][-]{subsection..section.2.5.1}{Ki\351rt\351kel\351s sorrendje}{section..section.2.5}% 20
\BOOKMARK [1][-]{section..section.2.6}{Lok\341lis V\341ltoz\363k}{chapter.2}% 21
\BOOKMARK [2][-]{subsection..section.2.6.1}{V\341ltoz\363k list\341ja}{section..section.2.6}% 22
\BOOKMARK [1][-]{section..section.2.7}{Lua standard k\366nyvt\341rai}{chapter.2}% 23
\BOOKMARK [1][-]{section..section.2.8}{A f\374ggv\351nyek tov\341bbi saj\341toss\341gai}{chapter.2}% 24
\BOOKMARK [2][-]{subsection..section.2.8.1}{Static scoping}{section..section.2.8}% 25
\BOOKMARK [2][-]{subsection..section.2.8.2}{Closure}{section..section.2.8}% 26
\BOOKMARK [2][-]{subsection..section.2.8.3}{Hooking}{section..section.2.8}% 27
\BOOKMARK [1][-]{section..section.2.9}{Meta-t\341bl\341k \351s meta-met\363dusok}{chapter.2}% 28
\BOOKMARK [2][-]{subsection..section.2.9.1}{Alap\351rtelmezett meta-met\363dusok}{section..section.2.9}% 29
\BOOKMARK [1][-]{section..section.2.10}{Objektum-orient\341lts\341g}{chapter.2}% 30
\BOOKMARK [2][-]{subsection..section.2.10.1}{Kettospont oper\341tor}{section..section.2.10}% 31
\BOOKMARK [2][-]{subsection..section.2.10.2}{Konstruktor}{section..section.2.10}% 32
\BOOKMARK [2][-]{subsection..section.2.10.3}{Protot\355pus \351s objektum}{section..section.2.10}% 33
\BOOKMARK [2][-]{subsection..section.2.10.4}{\326r\366kl\351s}{section..section.2.10}% 34
\BOOKMARK [2][-]{subsection..section.2.10.5}{Modularit\341s}{section..section.2.10}% 35
\BOOKMARK [0][-]{chapter.3}{A Kotlin nyelv \351s saj\341toss\341gai}{}% 36
\BOOKMARK [1][-]{section..section.3.1}{Kicsit a Kotlin-r\363l}{chapter.3}% 37
\BOOKMARK [1][-]{section..section.3.2}{Adatt\355pusok \351s v\341ltoz\363k}{chapter.3}% 38
\BOOKMARK [2][-]{subsection..section.3.2.1}{V\341ltoz\363k}{section..section.3.2}% 39
\BOOKMARK [2][-]{subsection..section.3.2.2}{Adatt\355pusuk}{section..section.3.2}% 40
\BOOKMARK [1][-]{section..section.3.3}{Vez\351rlo strukt\372r\341k}{chapter.3}% 41
\BOOKMARK [2][-]{subsection..section.3.3.1}{El\341gaz\341sok}{section..section.3.3}% 42
\BOOKMARK [2][-]{subsection..section.3.3.2}{Ciklusok}{section..section.3.3}% 43
\BOOKMARK [1][-]{section..section.3.4}{Kollekci\363k}{chapter.3}% 44
\BOOKMARK [1][-]{section..section.3.5}{F\374ggv\351nyek saj\341toss\341gai}{chapter.3}% 45
\BOOKMARK [2][-]{subsection..section.3.5.1}{Lambda kifejez\351sek}{section..section.3.5}% 46
\BOOKMARK [1][-]{section..section.3.6}{Objektum-orient\341lts\341g}{chapter.3}% 47
\BOOKMARK [2][-]{subsection..section.3.6.1}{Oszt\341lyok l\351trehoz\341sa}{section..section.3.6}% 48
\BOOKMARK [2][-]{subsection..section.3.6.2}{Data klasszok}{section..section.3.6}% 49
\BOOKMARK [2][-]{subsection..section.3.6.3}{Object-ek}{section..section.3.6}% 50
\BOOKMARK [2][-]{subsection..section.3.6.4}{Modularit\341s}{section..section.3.6}% 51
\BOOKMARK [1][-]{section..section.3.7}{T\366bbsz\341l\372s\341g}{chapter.3}% 52
\BOOKMARK [1][-]{section..section.3.8}{\326sszegz\351s}{chapter.3}% 53
\BOOKMARK [0][-]{chapter.4}{Projektek \366sszehasonl\355t\341sa}{}% 54
\BOOKMARK [1][-]{section..section.4.1}{Kicsit a projektekrol}{chapter.4}% 55
\BOOKMARK [1][-]{section..section.4.2}{\311letj\341t\351k}{chapter.4}% 56
\BOOKMARK [2][-]{subsection..section.4.2.1}{A j\341t\351kr\363l}{section..section.4.2}% 57
\BOOKMARK [2][-]{subsection..section.4.2.2}{Sejtek}{section..section.4.2}% 58
\BOOKMARK [2][-]{subsection..section.4.2.3}{V\341z}{section..section.4.2}% 59
\BOOKMARK [2][-]{subsection..section.4.2.4}{F\341jlb\363l val\363 olvas\341s}{section..section.4.2}% 60
\BOOKMARK [2][-]{subsection..section.4.2.5}{Input olvas\363}{section..section.4.2}% 61
\BOOKMARK [2][-]{subsection..section.4.2.6}{P\341lya \(v\341z\) l\351trehoz\341sa}{section..section.4.2}% 62
\BOOKMARK [2][-]{subsection..section.4.2.7}{J\341t\351kmag}{section..section.4.2}% 63
\BOOKMARK [2][-]{subsection..section.4.2.8}{\326sszegz\351s}{section..section.4.2}% 64
\BOOKMARK [1][-]{section..section.4.3}{BlackJack}{chapter.4}% 65
\BOOKMARK [2][-]{subsection..section.4.3.1}{A j\341t\351kr\363l}{section..section.4.3}% 66
\BOOKMARK [2][-]{subsection..section.4.3.2}{A classic viselked\351s}{section..section.4.3}% 67
\BOOKMARK [2][-]{subsection..section.4.3.3}{Defini\341lt t\355pusok \351s enum-ok}{section..section.4.3}% 68
\BOOKMARK [2][-]{subsection..section.4.3.4}{Inputkezel\351s}{section..section.4.3}% 69
\BOOKMARK [2][-]{subsection..section.4.3.5}{K\341rtya}{section..section.4.3}% 70
\BOOKMARK [2][-]{subsection..section.4.3.6}{Pakli}{section..section.4.3}% 71
\BOOKMARK [2][-]{subsection..section.4.3.7}{Oszt\363}{section..section.4.3}% 72
\BOOKMARK [2][-]{subsection..section.4.3.8}{A ''j\341t\351kban r\351sztvevo''}{section..section.4.3}% 73
\BOOKMARK [2][-]{subsection..section.4.3.9}{A j\341t\351kos}{section..section.4.3}% 74
\BOOKMARK [2][-]{subsection..section.4.3.10}{A bank}{section..section.4.3}% 75
\BOOKMARK [2][-]{subsection..section.4.3.11}{Az asztal}{section..section.4.3}% 76
\BOOKMARK [2][-]{subsection..section.4.3.12}{A j\341t\351kmenet ''figyelo''}{section..section.4.3}% 77
\BOOKMARK [2][-]{subsection..section.4.3.13}{Az eredm\351nysz\341m\355t\363}{section..section.4.3}% 78
\BOOKMARK [2][-]{subsection..section.4.3.14}{Kirajzol\341s}{section..section.4.3}% 79
\BOOKMARK [2][-]{subsection..section.4.3.15}{A j\341t\351kmag}{section..section.4.3}% 80
\BOOKMARK [2][-]{subsection..section.4.3.16}{\326sszegz\351s}{section..section.4.3}% 81
\BOOKMARK [1][-]{section..section.4.4}{V\351lem\351nyek}{chapter.4}% 82
